2026-03-26 23:33:24.100 | INFO     | __main__:main:247 - Запуск бота...
2026-03-26 23:33:24.101 | INFO     | __main__:load_all:72 - Данные загружены: 0 кл. слов, 0 мин. слов, порог: 1
2026-03-26 23:34:23.757 | INFO     | __main__:<module>:274 - Бот остановлен
2026-03-26 23:35:29.569 | INFO     | __main__:main:247 - Запуск бота...
2026-03-26 23:35:29.596 | INFO     | __main__:load_all:72 - Данные загружены: 50 кл. слов, 34 мин. слов, порог: 1
2026-03-26 23:36:16.175 | INFO     | __main__:<module>:274 - Бот остановлен
2026-03-26 23:39:40.022 | INFO     | __main__:main:247 - Запуск бота...
2026-03-26 23:39:40.196 | INFO     | __main__:load_all:72 - Данные загружены: 50 кл. слов, 34 мин. слов, порог: 1
2026-03-26 23:43:35.606 | INFO     | __main__:main:247 - Запуск бота...
2026-03-26 23:43:35.626 | INFO     | __main__:load_all:72 - Данные загружены: 50 кл. слов, 34 мин. слов, порог: 1
2026-03-27 06:19:37.206 | INFO     | __main__:main:247 - Запуск бота...
2026-03-27 06:19:37.318 | INFO     | __main__:load_all:72 - Данные загружены: 50 кл. слов, 34 мин. слов, порог: 1
2026-03-28 04:17:32.302 | INFO     | __main__:main:247 - Запуск бота...
2026-03-28 04:17:32.472 | INFO     | __main__:load_all:72 - Данные загружены: 50 кл. слов, 34 мин. слов, порог: 1
2026-03-28 14:58:47.989 | INFO     | __main__:main:247 - Запуск бота...
2026-03-28 14:58:48.047 | INFO     | __main__:load_all:72 - Данные загружены: 50 кл. слов, 34 мин. слов, порог: 1
2026-03-29 12:01:55.154 | INFO     | __main__:main:247 - Запуск бота...
2026-03-29 12:01:56.721 | INFO     | __main__:load_all:72 - Данные загружены: 50 кл. слов, 34 мин. слов, порог: 1
2026-03-30 04:35:40.253 | INFO     | __main__:main:247 - Запуск бота...
2026-03-30 04:35:40.449 | INFO     | __main__:load_all:72 - Данные загружены: 50 кл. слов, 34 мин. слов, порог: 1
2026-03-31 00:21:49.683 | INFO     | __main__:main:247 - Запуск бота...
2026-03-31 00:21:49.797 | INFO     | __main__:load_all:72 - Данные загружены: 50 кл. слов, 34 мин. слов, порог: 1
2026-04-01 00:19:31.879 | INFO     | __main__:main:247 - Запуск бота...
2026-04-01 00:19:32.056 | INFO     | __main__:load_all:72 - Данные загружены: 50 кл. слов, 34 мин. слов, порог: 1
2026-04-02 17:34:48.967 | INFO     | __main__:main:247 - Запуск бота...
2026-04-02 17:34:49.210 | INFO     | __main__:load_all:72 - Данные загружены: 50 кл. слов, 34 мин. слов, порог: 1
2026-04-03 04:44:58.737 | INFO     | __main__:main:247 - Запуск бота...
2026-04-03 04:44:59.224 | INFO     | __main__:load_all:72 - Данные загружены: 50 кл. слов, 34 мин. слов, порог: 1
2026-04-04 10:03:32.232 | INFO     | __main__:main:247 - Запуск бота...
2026-04-04 10:03:32.415 | INFO     | __main__:load_all:72 - Данные загружены: 50 кл. слов, 34 мин. слов, порог: 1
2026-04-05 17:28:00.880 | INFO     | __main__:main:247 - Запуск бота...
2026-04-05 17:28:01.100 | INFO     | __main__:load_all:72 - Данные загружены: 50 кл. слов, 34 мин. слов, порог: 1
2026-04-06 16:28:19.293 | INFO     | __main__:main:247 - Запуск бота...
2026-04-06 16:28:19.436 | INFO     | __main__:load_all:72 - Данные загружены: 50 кл. слов, 34 мин. слов, порог: 1
2026-04-07 06:52:40.480 | INFO     | __main__:main:247 - Запуск бота...
2026-04-07 06:52:41.256 | INFO     | __main__:load_all:72 - Данные загружены: 50 кл. слов, 34 мин. слов, порог: 1
2026-04-08 11:47:05.333 | INFO     | __main__:main:247 - Запуск бота...
2026-04-08 11:47:05.571 | INFO     | __main__:load_all:72 - Данные загружены: 50 кл. слов, 34 мин. слов, порог: 1
2026-04-09 08:20:23.541 | INFO     | __main__:main:247 - Запуск бота...
2026-04-09 08:20:26.536 | INFO     | __main__:load_all:72 - Данные загружены: 50 кл. слов, 34 мин. слов, порог: 1
2026-04-10 11:22:49.237 | INFO     | __main__:main:247 - Запуск бота...
2026-04-10 11:22:49.752 | INFO     | __main__:load_all:72 - Данные загружены: 50 кл. слов, 34 мин. слов, порог: 1
2026-04-10 11:58:39.539 | INFO     | __main__:main:255 - Telethon клиент авторизован
2026-04-10 11:58:39.545 | INFO     | __main__:main:261 - Запуск Telegram Bot API...
2026-04-10 11:58:53.838 | INFO     | __main__:check_pass:127 - Успешная авторизация пользователя 8064080582
2026-04-11 17:01:20.330 | INFO     | __main__:main:247 - Запуск бота...
2026-04-11 17:01:20.421 | INFO     | __main__:load_all:72 - Данные загружены: 50 кл. слов, 34 мин. слов, порог: 1
2026-04-11 17:35:49.326 | INFO     | __main__:main:255 - Telethon клиент авторизован
2026-04-11 17:35:49.331 | INFO     | __main__:main:261 - Запуск Telegram Bot API...
2026-04-11 17:35:49.987 | ERROR    | __main__:event_handler:242 - Ошибка при пересылке: Cannot find any entity corresponding to "-100123456789"
2026-04-11 17:35:50.424 | ERROR    | __main__:event_handler:242 - Ошибка при пересылке: Cannot find any entity corresponding to "-100123456789"
2026-04-11 17:35:50.639 | ERROR    | __main__:event_handler:242 - Ошибка при пересылке: Cannot find any entity corresponding to "-100123456789"
2026-04-12 05:55:49.601 | INFO     | __main__:main:247 - Запуск бота...
2026-04-12 05:55:49.700 | INFO     | __main__:load_all:72 - Данные загружены: 50 кл. слов, 34 мин. слов, порог: 1
2026-04-12 22:24:41.547 | INFO     | __main__:main:247 - Запуск бота...
2026-04-12 22:24:41.598 | INFO     | __main__:load_all:72 - Данные загружены: 50 кл. слов, 34 мин. слов, порог: 1
2026-04-12 22:44:01.714 | INFO     | __main__:main:247 - Запуск бота...
2026-04-12 22:44:01.733 | INFO     | __main__:load_all:72 - Данные загружены: 50 кл. слов, 34 мин. слов, порог: 1
2026-04-12 23:43:42.387 | INFO     | __main__:main:255 - Telethon клиент авторизован
2026-04-12 23:43:42.397 | INFO     | __main__:main:261 - Запуск Telegram Bot API...
2026-04-12 23:47:43.147 | ERROR    | __main__:event_handler:242 - Ошибка при пересылке: Cannot find any entity corresponding to "-100123456789"
2026-04-12 23:49:43.283 | ERROR    | __main__:event_handler:242 - Ошибка при пересылке: Cannot find any entity corresponding to "-100123456789"
2026-04-12 23:49:43.469 | ERROR    | __main__:event_handler:242 - Ошибка при пересылке: Cannot find any entity corresponding to "-100123456789"
2026-04-12 23:49:43.647 | ERROR    | __main__:event_handler:242 - Ошибка при пересылке: Cannot find any entity corresponding to "-100123456789"
2026-04-13 02:43:18.773 | ERROR    | __main__:event_handler:242 - Ошибка при пересылке: Cannot find any entity corresponding to "-100123456789"
2026-04-13 06:39:52.715 | ERROR    | __main__:event_handler:242 - Ошибка при пересылке: Cannot find any entity corresponding to "-100123456789"
2026-04-13 11:24:13.064 | ERROR    | __main__:event_handler:242 - Ошибка при пересылке: Cannot find any entity corresponding to "-100123456789"
2026-04-13 12:19:14.496 | ERROR    | __main__:event_handler:242 - Ошибка при пересылке: Cannot find any entity corresponding to "-100123456789"
2026-04-13 13:01:15.445 | ERROR    | __main__:event_handler:242 - Ошибка при пересылке: Cannot find any entity corresponding to "-100123456789"
2026-04-13 13:03:15.823 | ERROR    | __main__:event_handler:242 - Ошибка при пересылке: Cannot find any entity corresponding to "-100123456789"
2026-04-13 13:53:17.371 | ERROR    | __main__:event_handler:242 - Ошибка при пересылке: Cannot find any entity corresponding to "-100123456789"
2026-04-13 14:17:19.248 | ERROR    | __main__:event_handler:242 - Ошибка при пересылке: Cannot find any entity corresponding to "-100123456789"
2026-04-13 14:25:57.458 | INFO     | __main__:main:247 - Запуск бота...
2026-04-13 14:25:57.507 | INFO     | __main__:load_all:72 - Данные загружены: 50 кл. слов, 34 мин. слов, порог: 1
2026-04-13 14:58:18.986 | INFO     | __main__:main:255 - Telethon клиент авторизован
2026-04-13 14:58:18.997 | INFO     | __main__:main:261 - Запуск Telegram Bot API...
2026-04-13 14:58:19.608 | ERROR    | __main__:event_handler:242 - Ошибка при пересылке: Cannot find any entity corresponding to "-100123456789"
2026-04-14 00:38:26.828 | INFO     | __main__:main:247 - Запуск бота...
2026-04-14 00:38:27.215 | INFO     | __main__:load_all:72 - Данные загружены: 50 кл. слов, 34 мин. слов, порог: 1
